[2020-09-26 00:02:35,732] INFO [GroupMetadataManager brokerId=0] Removed 0 expired offsets in 0 milliseconds. (kafka.coordinator.group.GroupMetadataManager)
[2020-09-26 00:12:35,732] INFO [GroupMetadataManager brokerId=0] Removed 0 expired offsets in 0 milliseconds. (kafka.coordinator.group.GroupMetadataManager)
[2020-09-26 00:22:35,732] INFO [GroupMetadataManager brokerId=0] Removed 0 expired offsets in 0 milliseconds. (kafka.coordinator.group.GroupMetadataManager)
[2020-09-26 00:29:55,948] INFO Terminating process due to signal SIGINT (org.apache.kafka.common.utils.LoggingSignalHandler)
[2020-09-26 00:29:55,977] INFO [KafkaServer id=0] shutting down (kafka.server.KafkaServer)
[2020-09-26 00:29:55,978] INFO [KafkaServer id=0] Starting controlled shutdown (kafka.server.KafkaServer)
[2020-09-26 00:29:56,082] INFO [KafkaServer id=0] Controlled shutdown succeeded (kafka.server.KafkaServer)
[2020-09-26 00:29:56,087] INFO [/config/changes-event-process-thread]: Shutting down (kafka.common.ZkNodeChangeNotificationListener$ChangeEventProcessThread)
[2020-09-26 00:29:56,087] INFO [/config/changes-event-process-thread]: Stopped (kafka.common.ZkNodeChangeNotificationListener$ChangeEventProcessThread)
[2020-09-26 00:29:56,088] INFO [/config/changes-event-process-thread]: Shutdown completed (kafka.common.ZkNodeChangeNotificationListener$ChangeEventProcessThread)
[2020-09-26 00:29:56,089] INFO [SocketServer brokerId=0] Stopping socket server request processors (kafka.network.SocketServer)
[2020-09-26 00:29:56,110] INFO [SocketServer brokerId=0] Stopped socket server request processors (kafka.network.SocketServer)
[2020-09-26 00:29:56,116] INFO [data-plane Kafka Request Handler on Broker 0], shutting down (kafka.server.KafkaRequestHandlerPool)
[2020-09-26 00:29:56,122] INFO [data-plane Kafka Request Handler on Broker 0], shut down completely (kafka.server.KafkaRequestHandlerPool)
[2020-09-26 00:29:56,126] INFO [ExpirationReaper-0-AlterAcls]: Shutting down (kafka.server.DelayedOperationPurgatory$ExpiredOperationReaper)
[2020-09-26 00:29:56,162] INFO Terminating process due to signal SIGINT (org.apache.kafka.common.utils.LoggingSignalHandler)
[2020-09-26 00:29:56,270] INFO [ExpirationReaper-0-AlterAcls]: Stopped (kafka.server.DelayedOperationPurgatory$ExpiredOperationReaper)
[2020-09-26 00:29:56,270] INFO [ExpirationReaper-0-AlterAcls]: Shutdown completed (kafka.server.DelayedOperationPurgatory$ExpiredOperationReaper)
[2020-09-26 00:29:56,271] INFO [KafkaApi-0] Shutdown complete. (kafka.server.KafkaApis)
[2020-09-26 00:29:56,275] INFO [ExpirationReaper-0-topic]: Shutting down (kafka.server.DelayedOperationPurgatory$ExpiredOperationReaper)
[2020-09-26 00:29:56,393] INFO Terminating process due to signal SIGINT (org.apache.kafka.common.utils.LoggingSignalHandler)
[2020-09-26 00:29:56,470] INFO [ExpirationReaper-0-topic]: Stopped (kafka.server.DelayedOperationPurgatory$ExpiredOperationReaper)
[2020-09-26 00:29:56,471] INFO [ExpirationReaper-0-topic]: Shutdown completed (kafka.server.DelayedOperationPurgatory$ExpiredOperationReaper)
[2020-09-26 00:29:56,472] INFO [TransactionCoordinator id=0] Shutting down. (kafka.coordinator.transaction.TransactionCoordinator)
[2020-09-26 00:29:56,473] INFO [ProducerId Manager 0]: Shutdown complete: last producerId assigned 0 (kafka.coordinator.transaction.ProducerIdManager)
[2020-09-26 00:29:56,473] INFO [Transaction State Manager 0]: Shutdown complete (kafka.coordinator.transaction.TransactionStateManager)
[2020-09-26 00:29:56,474] INFO [Transaction Marker Channel Manager 0]: Shutting down (kafka.coordinator.transaction.TransactionMarkerChannelManager)
[2020-09-26 00:29:56,474] INFO [Transaction Marker Channel Manager 0]: Stopped (kafka.coordinator.transaction.TransactionMarkerChannelManager)
[2020-09-26 00:29:56,474] INFO [Transaction Marker Channel Manager 0]: Shutdown completed (kafka.coordinator.transaction.TransactionMarkerChannelManager)
[2020-09-26 00:29:56,475] INFO [TransactionCoordinator id=0] Shutdown complete. (kafka.coordinator.transaction.TransactionCoordinator)
[2020-09-26 00:29:56,476] INFO [GroupCoordinator 0]: Shutting down. (kafka.coordinator.group.GroupCoordinator)
[2020-09-26 00:29:56,476] INFO [ExpirationReaper-0-Heartbeat]: Shutting down (kafka.server.DelayedOperationPurgatory$ExpiredOperationReaper)
[2020-09-26 00:29:56,595] INFO Terminating process due to signal SIGINT (org.apache.kafka.common.utils.LoggingSignalHandler)
[2020-09-26 00:29:56,670] INFO [ExpirationReaper-0-Heartbeat]: Stopped (kafka.server.DelayedOperationPurgatory$ExpiredOperationReaper)
[2020-09-26 00:29:56,671] INFO [ExpirationReaper-0-Heartbeat]: Shutdown completed (kafka.server.DelayedOperationPurgatory$ExpiredOperationReaper)
[2020-09-26 00:29:56,671] INFO [ExpirationReaper-0-Rebalance]: Shutting down (kafka.server.DelayedOperationPurgatory$ExpiredOperationReaper)
[2020-09-26 00:29:56,864] INFO Terminating process due to signal SIGINT (org.apache.kafka.common.utils.LoggingSignalHandler)
[2020-09-26 00:29:56,871] INFO [ExpirationReaper-0-Rebalance]: Stopped (kafka.server.DelayedOperationPurgatory$ExpiredOperationReaper)
[2020-09-26 00:29:56,871] INFO [ExpirationReaper-0-Rebalance]: Shutdown completed (kafka.server.DelayedOperationPurgatory$ExpiredOperationReaper)
[2020-09-26 00:29:56,872] INFO [GroupCoordinator 0]: Shutdown complete. (kafka.coordinator.group.GroupCoordinator)
[2020-09-26 00:29:56,876] INFO [ReplicaManager broker=0] Shutting down (kafka.server.ReplicaManager)
[2020-09-26 00:29:56,877] INFO [LogDirFailureHandler]: Shutting down (kafka.server.ReplicaManager$LogDirFailureHandler)
[2020-09-26 00:29:56,877] INFO [LogDirFailureHandler]: Stopped (kafka.server.ReplicaManager$LogDirFailureHandler)
[2020-09-26 00:29:56,877] INFO [LogDirFailureHandler]: Shutdown completed (kafka.server.ReplicaManager$LogDirFailureHandler)
[2020-09-26 00:29:56,878] INFO [ReplicaFetcherManager on broker 0] shutting down (kafka.server.ReplicaFetcherManager)
[2020-09-26 00:29:56,880] INFO [ReplicaFetcherManager on broker 0] shutdown completed (kafka.server.ReplicaFetcherManager)
[2020-09-26 00:29:56,885] INFO [ReplicaAlterLogDirsManager on broker 0] shutting down (kafka.server.ReplicaAlterLogDirsManager)
[2020-09-26 00:29:56,886] INFO [ReplicaAlterLogDirsManager on broker 0] shutdown completed (kafka.server.ReplicaAlterLogDirsManager)
[2020-09-26 00:29:56,887] INFO [ExpirationReaper-0-Fetch]: Shutting down (kafka.server.DelayedOperationPurgatory$ExpiredOperationReaper)
[2020-09-26 00:29:57,071] INFO [ExpirationReaper-0-Fetch]: Stopped (kafka.server.DelayedOperationPurgatory$ExpiredOperationReaper)
[2020-09-26 00:29:57,071] INFO [ExpirationReaper-0-Fetch]: Shutdown completed (kafka.server.DelayedOperationPurgatory$ExpiredOperationReaper)
[2020-09-26 00:29:57,072] INFO [ExpirationReaper-0-Produce]: Shutting down (kafka.server.DelayedOperationPurgatory$ExpiredOperationReaper)
[2020-09-26 00:29:57,271] INFO [ExpirationReaper-0-Produce]: Stopped (kafka.server.DelayedOperationPurgatory$ExpiredOperationReaper)
[2020-09-26 00:29:57,271] INFO [ExpirationReaper-0-Produce]: Shutdown completed (kafka.server.DelayedOperationPurgatory$ExpiredOperationReaper)
[2020-09-26 00:29:57,272] INFO [ExpirationReaper-0-DeleteRecords]: Shutting down (kafka.server.DelayedOperationPurgatory$ExpiredOperationReaper)
[2020-09-26 00:29:57,472] INFO [ExpirationReaper-0-DeleteRecords]: Stopped (kafka.server.DelayedOperationPurgatory$ExpiredOperationReaper)
[2020-09-26 00:29:57,472] INFO [ExpirationReaper-0-DeleteRecords]: Shutdown completed (kafka.server.DelayedOperationPurgatory$ExpiredOperationReaper)
[2020-09-26 00:29:57,473] INFO [ExpirationReaper-0-ElectLeader]: Shutting down (kafka.server.DelayedOperationPurgatory$ExpiredOperationReaper)
[2020-09-26 00:29:57,671] INFO [ExpirationReaper-0-ElectLeader]: Stopped (kafka.server.DelayedOperationPurgatory$ExpiredOperationReaper)
[2020-09-26 00:29:57,671] INFO [ExpirationReaper-0-ElectLeader]: Shutdown completed (kafka.server.DelayedOperationPurgatory$ExpiredOperationReaper)
[2020-09-26 00:29:57,676] INFO [ReplicaManager broker=0] Shut down completely (kafka.server.ReplicaManager)
[2020-09-26 00:29:57,677] INFO Shutting down. (kafka.log.LogManager)
[2020-09-26 00:29:57,723] INFO [ProducerStateManager partition=__consumer_offsets-49] Writing producer snapshot at offset 3 (kafka.log.ProducerStateManager)
[2020-09-26 00:29:57,739] INFO [ProducerStateManager partition=__consumer_offsets-36] Writing producer snapshot at offset 3 (kafka.log.ProducerStateManager)
[2020-09-26 00:29:57,744] INFO [ProducerStateManager partition=__consumer_offsets-37] Writing producer snapshot at offset 3 (kafka.log.ProducerStateManager)
[2020-09-26 00:29:57,745] INFO [ProducerStateManager partition=xy-10-0] Writing producer snapshot at offset 566 (kafka.log.ProducerStateManager)
[2020-09-26 00:29:57,750] INFO [ProducerStateManager partition=xy-1-0] Writing producer snapshot at offset 24245 (kafka.log.ProducerStateManager)
[2020-09-26 00:29:57,773] INFO Shutdown complete. (kafka.log.LogManager)
[2020-09-26 00:29:57,789] INFO [ZooKeeperClient Kafka server] Closing. (kafka.zookeeper.ZooKeeperClient)
[2020-09-26 00:29:57,905] INFO Session: 0x1000269dfd90001 closed (org.apache.zookeeper.ZooKeeper)
[2020-09-26 00:29:57,907] INFO [ZooKeeperClient Kafka server] Closed. (kafka.zookeeper.ZooKeeperClient)
[2020-09-26 00:29:57,907] INFO [ThrottledChannelReaper-Fetch]: Shutting down (kafka.server.ClientQuotaManager$ThrottledChannelReaper)
[2020-09-26 00:29:57,906] INFO EventThread shut down for session: 0x1000269dfd90001 (org.apache.zookeeper.ClientCnxn)
[2020-09-26 00:29:58,062] INFO [ThrottledChannelReaper-Fetch]: Stopped (kafka.server.ClientQuotaManager$ThrottledChannelReaper)
[2020-09-26 00:29:58,063] INFO [ThrottledChannelReaper-Fetch]: Shutdown completed (kafka.server.ClientQuotaManager$ThrottledChannelReaper)
[2020-09-26 00:29:58,063] INFO [ThrottledChannelReaper-Produce]: Shutting down (kafka.server.ClientQuotaManager$ThrottledChannelReaper)
[2020-09-26 00:29:59,063] INFO [ThrottledChannelReaper-Produce]: Stopped (kafka.server.ClientQuotaManager$ThrottledChannelReaper)
[2020-09-26 00:29:59,063] INFO [ThrottledChannelReaper-Produce]: Shutdown completed (kafka.server.ClientQuotaManager$ThrottledChannelReaper)
[2020-09-26 00:29:59,063] INFO [ThrottledChannelReaper-Request]: Shutting down (kafka.server.ClientQuotaManager$ThrottledChannelReaper)
[2020-09-26 00:30:00,063] INFO [ThrottledChannelReaper-Request]: Stopped (kafka.server.ClientQuotaManager$ThrottledChannelReaper)
[2020-09-26 00:30:00,063] INFO [ThrottledChannelReaper-Request]: Shutdown completed (kafka.server.ClientQuotaManager$ThrottledChannelReaper)
[2020-09-26 00:30:00,064] INFO [SocketServer brokerId=0] Shutting down socket server (kafka.network.SocketServer)
[2020-09-26 00:30:00,124] INFO [SocketServer brokerId=0] Shutdown completed (kafka.network.SocketServer)
[2020-09-26 00:30:00,135] INFO [KafkaServer id=0] shut down completed (kafka.server.KafkaServer)
